# JRE version: Java(TM) SE Runtime Environment (8.0_161-b12) (build 1.8.0_161-b12)
# Java VM: Java HotSpot(TM) 64-Bit Server VM (25.161-b12 mixed mode linux-amd64 compressed oops)
Heap:
 PSYoungGen      total 64000K, used 0K [0x00000000ebe00000, 0x00000000f0700000, 0x0000000100000000)
  eden space 61440K, 0% used [0x00000000ebe00000,0x00000000ebe00000,0x00000000efa00000)
  from space 2560K, 0% used [0x00000000efa00000,0x00000000efa00000,0x00000000efc80000)
  to   space 1024K, 0% used [0x00000000f0600000,0x00000000f0600000,0x00000000f0700000)
 ParOldGen       total 355840K, used 274252K [0x00000000c3a00000, 0x00000000d9580000, 0x00000000ebe00000)
  object space 355840K, 77% used [0x00000000c3a00000,0x00000000d45d31c0,0x00000000d9580000)
 Metaspace       used 3282K, capacity 4564K, committed 4864K, reserved 1056768K
  class space    used 360K, capacity 388K, committed 512K, reserved 1048576K
GC Heap History (10 events):
Event: 2.365 GC heap before
{Heap before GC invocations=3 (full 0):
 PSYoungGen      total 34304K, used 512K [0x00000000ebe00000, 0x00000000ee200000, 0x0000000100000000)
  eden space 31744K, 0% used [0x00000000ebe00000,0x00000000ebe00000,0x00000000edd00000)
  from space 2560K, 20% used [0x00000000edf80000,0x00000000ee000020,0x00000000ee200000)
  to   space 2560K, 0% used [0x00000000edd00000,0x00000000edd00000,0x00000000edf80000)
 ParOldGen       total 659456K, used 529386K [0x00000000c3a00000, 0x00000000ebe00000, 0x00000000ebe00000)
  object space 659456K, 80% used [0x00000000c3a00000,0x00000000e3efa810,0x00000000ebe00000)
 Metaspace       used 3282K, capacity 4564K, committed 4864K, reserved 1056768K
  class space    used 360K, capacity 388K, committed 512K, reserved 1048576K
Event: 3.178 GC heap after
Heap after GC invocations=3 (full 0):
 PSYoungGen      total 34304K, used 480K [0x00000000ebe00000, 0x00000000f0100000, 0x0000000100000000)
  eden space 31744K, 0% used [0x00000000ebe00000,0x00000000ebe00000,0x00000000edd00000)
  from space 2560K, 18% used [0x00000000edd00000,0x00000000edd78020,0x00000000edf80000)
  to   space 2560K, 0% used [0x00000000efe80000,0x00000000efe80000,0x00000000f0100000)
 ParOldGen       total 659456K, used 529386K [0x00000000c3a00000, 0x00000000ebe00000, 0x00000000ebe00000)
  object space 659456K, 80% used [0x00000000c3a00000,0x00000000e3efa810,0x00000000ebe00000)
 Metaspace       used 3282K, capacity 4564K, committed 4864K, reserved 1056768K
  class space    used 360K, capacity 388K, committed 512K, reserved 1048576K
}
Event: 3.178 GC heap before
{Heap before GC invocations=4 (full 1):
 PSYoungGen      total 34304K, used 480K [0x00000000ebe00000, 0x00000000f0100000, 0x0000000100000000)
  eden space 31744K, 0% used [0x00000000ebe00000,0x00000000ebe00000,0x00000000edd00000)
  from space 2560K, 18% used [0x00000000edd00000,0x00000000edd78020,0x00000000edf80000)
  to   space 2560K, 0% used [0x00000000efe80000,0x00000000efe80000,0x00000000f0100000)
 ParOldGen       total 659456K, used 529386K [0x00000000c3a00000, 0x00000000ebe00000, 0x00000000ebe00000)
  object space 659456K, 80% used [0x00000000c3a00000,0x00000000e3efa810,0x00000000ebe00000)
 Metaspace       used 3282K, capacity 4564K, committed 4864K, reserved 1056768K
  class space    used 360K, capacity 388K, committed 512K, reserved 1048576K
Event: 5.377 GC heap after
Heap after GC invocations=4 (full 1):
 PSYoungGen      total 34304K, used 0K [0x00000000ebe00000, 0x00000000f0100000, 0x0000000100000000)
  eden space 31744K, 0% used [0x00000000ebe00000,0x00000000ebe00000,0x00000000edd00000)
  from space 2560K, 0% used [0x00000000edd00000,0x00000000edd00000,0x00000000edf80000)
  to   space 2560K, 0% used [0x00000000efe80000,0x00000000efe80000,0x00000000f0100000)
 ParOldGen       total 237056K, used 182988K [0x00000000c3a00000, 0x00000000d2180000, 0x00000000ebe00000)
  object space 237056K, 77% used [0x00000000c3a00000,0x00000000cecb30e8,0x00000000d2180000)
 Metaspace       used 3282K, capacity 4564K, committed 4864K, reserved 1056768K
  class space    used 360K, capacity 388K, committed 512K, reserved 1048576K
}
Event: 5.954 GC heap before
{Heap before GC invocations=5 (full 1):
 PSYoungGen      total 34304K, used 634K [0x00000000ebe00000, 0x00000000f0100000, 0x0000000100000000)
  eden space 31744K, 2% used [0x00000000ebe00000,0x00000000ebe9eb98,0x00000000edd00000)
  from space 2560K, 0% used [0x00000000edd00000,0x00000000edd00000,0x00000000edf80000)
  to   space 2560K, 0% used [0x00000000efe80000,0x00000000efe80000,0x00000000f0100000)
 ParOldGen       total 659456K, used 456781K [0x00000000c3a00000, 0x00000000ebe00000, 0x00000000ebe00000)
  object space 659456K, 69% used [0x00000000c3a00000,0x00000000df8135f0,0x00000000ebe00000)
 Metaspace       used 3282K, capacity 4564K, committed 4864K, reserved 1056768K
  class space    used 360K, capacity 388K, committed 512K, reserved 1048576K
Event: 6.028 GC heap after
Heap after GC invocations=5 (full 1):
 PSYoungGen      total 47104K, used 0K [0x00000000ebe00000, 0x00000000eff00000, 0x0000000100000000)
  eden space 46592K, 0% used [0x00000000ebe00000,0x00000000ebe00000,0x00000000eeb80000)
  from space 512K, 0% used [0x00000000efe80000,0x00000000efe80000,0x00000000eff00000)
  to   space 2560K, 0% used [0x00000000efa00000,0x00000000efa00000,0x00000000efc80000)
 ParOldGen       total 659456K, used 456781K [0x00000000c3a00000, 0x00000000ebe00000, 0x00000000ebe00000)
  object space 659456K, 69% used [0x00000000c3a00000,0x00000000df8135f0,0x00000000ebe00000)
 Metaspace       used 3282K, capacity 4564K, committed 4864K, reserved 1056768K
  class space    used 360K, capacity 388K, committed 512K, reserved 1048576K
}
Event: 6.028 GC heap before
{Heap before GC invocations=6 (full 1):
 PSYoungGen      total 47104K, used 0K [0x00000000ebe00000, 0x00000000eff00000, 0x0000000100000000)
  eden space 46592K, 0% used [0x00000000ebe00000,0x00000000ebe00000,0x00000000eeb80000)
  from space 512K, 0% used [0x00000000efe80000,0x00000000efe80000,0x00000000eff00000)
  to   space 2560K, 0% used [0x00000000efa00000,0x00000000efa00000,0x00000000efc80000)
 ParOldGen       total 659456K, used 456781K [0x00000000c3a00000, 0x00000000ebe00000, 0x00000000ebe00000)
  object space 659456K, 69% used [0x00000000c3a00000,0x00000000df8135f0,0x00000000ebe00000)
 Metaspace       used 3282K, capacity 4564K, committed 4864K, reserved 1056768K
  class space    used 360K, capacity 388K, committed 512K, reserved 1048576K
Event: 6.108 GC heap after
Heap after GC invocations=6 (full 1):
 PSYoungGen      total 64000K, used 0K [0x00000000ebe00000, 0x00000000f0700000, 0x0000000100000000)
  eden space 61440K, 0% used [0x00000000ebe00000,0x00000000ebe00000,0x00000000efa00000)
  from space 2560K, 0% used [0x00000000efa00000,0x00000000efa00000,0x00000000efc80000)
  to   space 1024K, 0% used [0x00000000f0600000,0x00000000f0600000,0x00000000f0700000)
 ParOldGen       total 659456K, used 456781K [0x00000000c3a00000, 0x00000000ebe00000, 0x00000000ebe00000)
  object space 659456K, 69% used [0x00000000c3a00000,0x00000000df8135f0,0x00000000ebe00000)
 Metaspace       used 3282K, capacity 4564K, committed 4864K, reserved 1056768K
  class space    used 360K, capacity 388K, committed 512K, reserved 1048576K
}
Event: 6.108 GC heap before
{Heap before GC invocations=7 (full 2):
 PSYoungGen      total 64000K, used 0K [0x00000000ebe00000, 0x00000000f0700000, 0x0000000100000000)
  eden space 61440K, 0% used [0x00000000ebe00000,0x00000000ebe00000,0x00000000efa00000)
  from space 2560K, 0% used [0x00000000efa00000,0x00000000efa00000,0x00000000efc80000)
  to   space 1024K, 0% used [0x00000000f0600000,0x00000000f0600000,0x00000000f0700000)
 ParOldGen       total 659456K, used 456781K [0x00000000c3a00000, 0x00000000ebe00000, 0x00000000ebe00000)
  object space 659456K, 69% used [0x00000000c3a00000,0x00000000df8135f0,0x00000000ebe00000)
 Metaspace       used 3282K, capacity 4564K, committed 4864K, reserved 1056768K
  class space    used 360K, capacity 388K, committed 512K, reserved 1048576K
Event: 11.645 GC heap after
Heap after GC invocations=7 (full 2):
 PSYoungGen      total 64000K, used 0K [0x00000000ebe00000, 0x00000000f0700000, 0x0000000100000000)
  eden space 61440K, 0% used [0x00000000ebe00000,0x00000000ebe00000,0x00000000efa00000)
  from space 2560K, 0% used [0x00000000efa00000,0x00000000efa00000,0x00000000efc80000)
  to   space 1024K, 0% used [0x00000000f0600000,0x00000000f0600000,0x00000000f0700000)
 ParOldGen       total 355840K, used 274252K [0x00000000c3a00000, 0x00000000d9580000, 0x00000000ebe00000)
  object space 355840K, 77% used [0x00000000c3a00000,0x00000000d45d31c0,0x00000000d9580000)
 Metaspace       used 3282K, capacity 4564K, committed 4864K, reserved 1056768K
  class space    used 360K, capacity 388K, committed 512K, reserved 1048576K
}

